  aktualizacje.cpp
aktualizacje.cpp(253): warning C4244: 'return': conversion from 'double' to 'float', possible loss of data
aktualizacje.cpp(275): warning C4244: 'argument': conversion from 'int' to 'float', possible loss of data
aktualizacje.cpp(283): warning C4244: 'argument': conversion from 'int' to 'float', possible loss of data
aktualizacje.cpp(300): warning C4244: 'argument': conversion from 'int' to 'float', possible loss of data
aktualizacje.cpp(309): warning C4244: 'initializing': conversion from 'int' to 'float', possible loss of data
aktualizacje.cpp(310): warning C4244: 'initializing': conversion from 'int' to 'float', possible loss of data
aktualizacje.cpp(311): warning C4244: 'initializing': conversion from 'int' to 'float', possible loss of data
aktualizacje.cpp(312): warning C4244: 'initializing': conversion from 'int' to 'float', possible loss of data
aktualizacje.cpp(313): warning C4244: 'initializing': conversion from 'int' to 'float', possible loss of data
aktualizacje.cpp(314): warning C4244: 'initializing': conversion from 'int' to 'float', possible loss of data
aktualizacje.cpp(316): warning C4244: 'initializing': conversion from 'double' to 'float', possible loss of data
aktualizacje.cpp(429): warning C4244: 'argument': conversion from 'int' to 'float', possible loss of data
aktualizacje.cpp(433): warning C4244: 'argument': conversion from 'int' to 'float', possible loss of data
  main.cpp
  modelGry.cpp
modelGry.cpp(15): warning C4996: 'strcpy': This function or variable may be unsafe. Consider using strcpy_s instead. To disable deprecation, use _CRT_SECURE_NO_WARNINGS. See online help for details.
  C:\Program Files (x86)\Windows Kits\10\Include\10.0.10240.0\ucrt\string.h(119): note: see declaration of 'strcpy'
modelGry.cpp(16): warning C4996: 'itoa': The POSIX name for this item is deprecated. Instead, use the ISO C and C++ conformant name: _itoa. See online help for details.
  C:\Program Files (x86)\Windows Kits\10\Include\10.0.10240.0\ucrt\stdlib.h(1316): note: see declaration of 'itoa'
modelGry.cpp(132): warning C4996: 'fscanf': This function or variable may be unsafe. Consider using fscanf_s instead. To disable deprecation, use _CRT_SECURE_NO_WARNINGS. See online help for details.
  C:\Program Files (x86)\Windows Kits\10\Include\10.0.10240.0\ucrt\stdio.h(1193): note: see declaration of 'fscanf'
modelGry.cpp(157): warning C4996: 'fopen': This function or variable may be unsafe. Consider using fopen_s instead. To disable deprecation, use _CRT_SECURE_NO_WARNINGS. See online help for details.
  C:\Program Files (x86)\Windows Kits\10\Include\10.0.10240.0\ucrt\stdio.h(205): note: see declaration of 'fopen'
modelGry.cpp(160): warning C4996: 'fscanf': This function or variable may be unsafe. Consider using fscanf_s instead. To disable deprecation, use _CRT_SECURE_NO_WARNINGS. See online help for details.
  C:\Program Files (x86)\Windows Kits\10\Include\10.0.10240.0\ucrt\stdio.h(1193): note: see declaration of 'fscanf'
modelGry.cpp(165): warning C4996: 'fscanf': This function or variable may be unsafe. Consider using fscanf_s instead. To disable deprecation, use _CRT_SECURE_NO_WARNINGS. See online help for details.
  C:\Program Files (x86)\Windows Kits\10\Include\10.0.10240.0\ucrt\stdio.h(1193): note: see declaration of 'fscanf'
modelGry.cpp(169): warning C4996: 'fscanf': This function or variable may be unsafe. Consider using fscanf_s instead. To disable deprecation, use _CRT_SECURE_NO_WARNINGS. See online help for details.
  C:\Program Files (x86)\Windows Kits\10\Include\10.0.10240.0\ucrt\stdio.h(1193): note: see declaration of 'fscanf'
modelGry.cpp(153): warning C4101: 'line': unreferenced local variable
modelGry.cpp(267): warning C4996: 'strcpy': This function or variable may be unsafe. Consider using strcpy_s instead. To disable deprecation, use _CRT_SECURE_NO_WARNINGS. See online help for details.
  C:\Program Files (x86)\Windows Kits\10\Include\10.0.10240.0\ucrt\string.h(119): note: see declaration of 'strcpy'
modelGry.cpp(268): warning C4996: 'itoa': The POSIX name for this item is deprecated. Instead, use the ISO C and C++ conformant name: _itoa. See online help for details.
  C:\Program Files (x86)\Windows Kits\10\Include\10.0.10240.0\ucrt\stdlib.h(1316): note: see declaration of 'itoa'
modelGry.cpp(271): warning C4996: 'fopen': This function or variable may be unsafe. Consider using fopen_s instead. To disable deprecation, use _CRT_SECURE_NO_WARNINGS. See online help for details.
  C:\Program Files (x86)\Windows Kits\10\Include\10.0.10240.0\ucrt\stdio.h(205): note: see declaration of 'fopen'
modelGry.cpp(287): warning C4996: 'fopen': This function or variable may be unsafe. Consider using fopen_s instead. To disable deprecation, use _CRT_SECURE_NO_WARNINGS. See online help for details.
  C:\Program Files (x86)\Windows Kits\10\Include\10.0.10240.0\ucrt\stdio.h(205): note: see declaration of 'fopen'
modelGry.cpp(334): warning C4996: 'fopen': This function or variable may be unsafe. Consider using fopen_s instead. To disable deprecation, use _CRT_SECURE_NO_WARNINGS. See online help for details.
  C:\Program Files (x86)\Windows Kits\10\Include\10.0.10240.0\ucrt\stdio.h(205): note: see declaration of 'fopen'
  odswiezanie_i_zdarzenie_zmiany_zycia.cpp
  wczytywanie.cpp
  wyswietlanie.cpp
wyswietlanie.cpp(79): warning C4996: 'sprintf': This function or variable may be unsafe. Consider using sprintf_s instead. To disable deprecation, use _CRT_SECURE_NO_WARNINGS. See online help for details.
  C:\Program Files (x86)\Windows Kits\10\Include\10.0.10240.0\ucrt\stdio.h(1769): note: see declaration of 'sprintf'
wyswietlanie.cpp(76): warning C4101: 'czas_str': unreferenced local variable
  Generating code
  34 of 54 functions (63.0%) were compiled, the rest were copied from previous compilation.
    3 functions were new in current compilation
    1 functions had inline decision re-evaluated but remain unchanged
  Finished generating code
  Mario_MBorzyszkowski.vcxproj -> D:\cpp_programy\MB_Mario\Mario_MBorzyszkowski\Release\Mario_MBorzyszkowski.exe
  Mario_MBorzyszkowski.vcxproj -> D:\cpp_programy\MB_Mario\Mario_MBorzyszkowski\Release\Mario_MBorzyszkowski.pdb (Full PDB)
  D:\cpp_programy\MB_Mario\Mario_MBorzyszkowski\sdl\winlib15\concrt140.dll
  D:\cpp_programy\MB_Mario\Mario_MBorzyszkowski\sdl\winlib15\SDL2.dll
  D:\cpp_programy\MB_Mario\Mario_MBorzyszkowski\sdl\winlib15\vccorlib140.dll
  D:\cpp_programy\MB_Mario\Mario_MBorzyszkowski\sdl\winlib15\vcruntime140.dll
          4 file(s) copied.
  D:\cpp_programy\MB_Mario\Mario_MBorzyszkowski\*.bmp 
  Nie można odnaleźć określonego pliku.
          0 file(s) copied.
C:\Program Files (x86)\MSBuild\Microsoft.Cpp\v4.0\V140\Microsoft.CppCommon.targets(133,5): error MSB3073: The command "copy /y "D:\cpp_programy\MB_Mario\Mario_MBorzyszkowski\sdl\winlib15\*.dll" D:\cpp_programy\MB_Mario\Mario_MBorzyszkowski\Release\"
C:\Program Files (x86)\MSBuild\Microsoft.Cpp\v4.0\V140\Microsoft.CppCommon.targets(133,5): error MSB3073: copy /y "D:\cpp_programy\MB_Mario\Mario_MBorzyszkowski\*.bmp" D:\cpp_programy\MB_Mario\Mario_MBorzyszkowski\Release\"
C:\Program Files (x86)\MSBuild\Microsoft.Cpp\v4.0\V140\Microsoft.CppCommon.targets(133,5): error MSB3073: :VCEnd" exited with code 1.
